<?xml version="1.0" encoding="UTF-8"?>
<!-- Generated by org.testng.reporters.JUnitReportReporter -->
<testsuite hostname="Raymonds-MacBook-Air.local" failures="0" tests="1" name="seleniumExtentReports.ExtentReports.ExtentReportDemo" time="5.445" errors="0" timestamp="2024-03-13T19:09:14 IST" skipped="0">
  <testcase classname="seleniumExtentReports.ExtentReports.ExtentReportDemo" name="initialDemo" time="5.445"/>
</testsuite> <!-- seleniumExtentReports.ExtentReports.ExtentReportDemo -->
